
**** Build of configuration Debug for project Demo ****

"C:\\ti\\ccs1210\\ccs\\utils\\bin\\gmake" -k -j 4 all -O 
 
Building file: "../main.c"
Invoking: MSP430 Compiler
"C:/ti/ccs1210/ccs/tools/compiler/ti-cgt-msp430_21.6.0.LTS/bin/cl430" -vmspx --data_model=restricted --use_hw_mpy=F5 --include_path="C:/ti/ccs1210/ccs/ccs_base/msp430/include" --include_path="D:/Signali i Sistemi/NSS/Vezbe/Demo" --include_path="C:/ti/ccs1210/ccs/tools/compiler/ti-cgt-msp430_21.6.0.LTS/include" --advice:power=all --define=__MSP430F5529__ -g --printf_support=minimal --diag_warning=225 --diag_wrap=off --display_error_number --silicon_errata=CPU21 --silicon_errata=CPU22 --silicon_errata=CPU23 --silicon_errata=CPU40 --preproc_with_compile --preproc_dependency="main.d_raw"  "../main.c"
Finished building: "../main.c"
 
Building target: "Demo.out"
Invoking: MSP430 Linker
"C:/ti/ccs1210/ccs/tools/compiler/ti-cgt-msp430_21.6.0.LTS/bin/cl430" -vmspx --data_model=restricted --use_hw_mpy=F5 --advice:power=all --define=__MSP430F5529__ -g --printf_support=minimal --diag_warning=225 --diag_wrap=off --display_error_number --silicon_errata=CPU21 --silicon_errata=CPU22 --silicon_errata=CPU23 --silicon_errata=CPU40 -z -m"Demo.map" --heap_size=160 --stack_size=160 --cinit_hold_wdt=on -i"C:/ti/ccs1210/ccs/ccs_base/msp430/include" -i"C:/ti/ccs1210/ccs/ccs_base/msp430/lib/5xx_6xx_FRxx" -i"C:/ti/ccs1210/ccs/tools/compiler/ti-cgt-msp430_21.6.0.LTS/lib" -i"C:/ti/ccs1210/ccs/tools/compiler/ti-cgt-msp430_21.6.0.LTS/include" --reread_libs --diag_wrap=off --display_error_number --warn_sections --xml_link_info="Demo_linkInfo.xml" --use_hw_mpy=F5 --rom_model -o "Demo.out" "./main.obj" "../lnk_msp430f5529.cmd"  -llibmath.a -llibc.a 
<Linking>
remark #10371-D: (ULP 1.1) Detected no uses of low power mode state changing instructions
remark #10372-D: (ULP 4.1) Detected uninitialized Port A in this project. Recommend initializing all unused ports to eliminate wasted current consumption on unused pins.
remark #10372-D: (ULP 4.1) Detected uninitialized Port B in this project. Recommend initializing all unused ports to eliminate wasted current consumption on unused pins.
remark #10372-D: (ULP 4.1) Detected uninitialized Port C in this project. Recommend initializing all unused ports to eliminate wasted current consumption on unused pins.
remark #10372-D: (ULP 4.1) Detected uninitialized Port D in this project. Recommend initializing all unused ports to eliminate wasted current consumption on unused pins.
Finished building target: "Demo.out"
 

**** Build Finished ****

**** Build of configuration Debug for project Demo ****

"C:\\ti\\ccs1210\\ccs\\utils\\bin\\gmake" -k -j 4 all -O 
 
gmake[1]: 'Demo.out' is up to date.

**** Build Finished ****

**** Clean-only build of configuration Debug for project Demo ****

"C:\\ti\\ccs1210\\ccs\\utils\\bin\\gmake" -k -j 4 clean -O 
 
DEL /F  "Demo.hex"  "Demo.out" 
DEL /F "main.obj" 
DEL /F "main.d" 
Finished clean
 

**** Build Finished ****

**** Build of configuration Debug for project Demo ****

"C:\\ti\\ccs1210\\ccs\\utils\\bin\\gmake" -k -j 4 all -O 
 
Building file: "../main.c"
Invoking: MSP430 Compiler
"C:/ti/ccs1210/ccs/tools/compiler/ti-cgt-msp430_21.6.0.LTS/bin/cl430" -vmspx --data_model=restricted --use_hw_mpy=F5 --include_path="C:/ti/ccs1210/ccs/ccs_base/msp430/include" --include_path="D:/Signali i Sistemi/NSS/Vezbe/Demo" --include_path="C:/ti/ccs1210/ccs/tools/compiler/ti-cgt-msp430_21.6.0.LTS/include" --advice:power=all --define=__MSP430F5529__ -g --printf_support=minimal --diag_warning=225 --diag_wrap=off --display_error_number --silicon_errata=CPU21 --silicon_errata=CPU22 --silicon_errata=CPU23 --silicon_errata=CPU40 --preproc_with_compile --preproc_dependency="main.d_raw"  "../main.c"
"../main.c", line 21: warning #112-D: statement is unreachable
"../main.c", line 17: remark #1527-D: (ULP 2.1) Detected SW delay loop using __delay_cycles. Recommend using a timer module instead
Finished building: "../main.c"
 
Building target: "Demo.out"
Invoking: MSP430 Linker
"C:/ti/ccs1210/ccs/tools/compiler/ti-cgt-msp430_21.6.0.LTS/bin/cl430" -vmspx --data_model=restricted --use_hw_mpy=F5 --advice:power=all --define=__MSP430F5529__ -g --printf_support=minimal --diag_warning=225 --diag_wrap=off --display_error_number --silicon_errata=CPU21 --silicon_errata=CPU22 --silicon_errata=CPU23 --silicon_errata=CPU40 -z -m"Demo.map" --heap_size=160 --stack_size=160 --cinit_hold_wdt=on -i"C:/ti/ccs1210/ccs/ccs_base/msp430/include" -i"C:/ti/ccs1210/ccs/ccs_base/msp430/lib/5xx_6xx_FRxx" -i"C:/ti/ccs1210/ccs/tools/compiler/ti-cgt-msp430_21.6.0.LTS/lib" -i"C:/ti/ccs1210/ccs/tools/compiler/ti-cgt-msp430_21.6.0.LTS/include" --reread_libs --diag_wrap=off --display_error_number --warn_sections --xml_link_info="Demo_linkInfo.xml" --use_hw_mpy=F5 --rom_model -o "Demo.out" "./main.obj" "../lnk_msp430f5529.cmd"  -llibmath.a -llibc.a 
<Linking>
remark #10371-D: (ULP 1.1) Detected no uses of low power mode state changing instructions
remark #10372-D: (ULP 4.1) Detected uninitialized Port A in this project. Recommend initializing all unused ports to eliminate wasted current consumption on unused pins.
remark #10372-D: (ULP 4.1) Detected uninitialized Port B in this project. Recommend initializing all unused ports to eliminate wasted current consumption on unused pins.
remark #10372-D: (ULP 4.1) Detected uninitialized Port C in this project. Recommend initializing all unused ports to eliminate wasted current consumption on unused pins.
remark #10372-D: (ULP 4.1) Detected uninitialized Port D in this project. Recommend initializing all unused ports to eliminate wasted current consumption on unused pins.
Finished building target: "Demo.out"
 

**** Build Finished ****

**** Build of configuration Debug for project Demo ****

"C:\\ti\\ccs1210\\ccs\\utils\\bin\\gmake" -k -j 4 all -O 
 
gmake[1]: 'Demo.out' is up to date.

**** Build Finished ****

**** Clean-only build of configuration Debug for project Demo ****

"C:\\ti\\ccs1210\\ccs\\utils\\bin\\gmake" -k -j 4 clean -O 
 
DEL /F  "Demo.hex"  "Demo.out" 
DEL /F "main.obj" 
DEL /F "main.d" 
Finished clean
 

**** Build Finished ****

**** Build of configuration Debug for project Demo ****

"C:\\ti\\ccs1210\\ccs\\utils\\bin\\gmake" -k -j 4 all -O 
 
Building file: "../main.c"
Invoking: MSP430 Compiler
"C:/ti/ccs1210/ccs/tools/compiler/ti-cgt-msp430_21.6.0.LTS/bin/cl430" -vmspx --data_model=restricted --use_hw_mpy=F5 --include_path="C:/ti/ccs1210/ccs/ccs_base/msp430/include" --include_path="D:/Signali i Sistemi/NSS/Vezbe/Demo" --include_path="C:/ti/ccs1210/ccs/tools/compiler/ti-cgt-msp430_21.6.0.LTS/include" --advice:power=all --define=__MSP430F5529__ -g --printf_support=minimal --diag_warning=225 --diag_wrap=off --display_error_number --silicon_errata=CPU21 --silicon_errata=CPU22 --silicon_errata=CPU23 --silicon_errata=CPU40 --preproc_with_compile --preproc_dependency="main.d_raw"  "../main.c"
Finished building: "../main.c"
 
Building target: "Demo.out"
Invoking: MSP430 Linker
"C:/ti/ccs1210/ccs/tools/compiler/ti-cgt-msp430_21.6.0.LTS/bin/cl430" -vmspx --data_model=restricted --use_hw_mpy=F5 --advice:power=all --define=__MSP430F5529__ -g --printf_support=minimal --diag_warning=225 --diag_wrap=off --display_error_number --silicon_errata=CPU21 --silicon_errata=CPU22 --silicon_errata=CPU23 --silicon_errata=CPU40 -z -m"Demo.map" --heap_size=160 --stack_size=160 --cinit_hold_wdt=on -i"C:/ti/ccs1210/ccs/ccs_base/msp430/include" -i"C:/ti/ccs1210/ccs/ccs_base/msp430/lib/5xx_6xx_FRxx" -i"C:/ti/ccs1210/ccs/tools/compiler/ti-cgt-msp430_21.6.0.LTS/lib" -i"C:/ti/ccs1210/ccs/tools/compiler/ti-cgt-msp430_21.6.0.LTS/include" --reread_libs --diag_wrap=off --display_error_number --warn_sections --xml_link_info="Demo_linkInfo.xml" --use_hw_mpy=F5 --rom_model -o "Demo.out" "./main.obj" "../lnk_msp430f5529.cmd"  -llibmath.a -llibc.a 
<Linking>
remark #10371-D: (ULP 1.1) Detected no uses of low power mode state changing instructions
remark #10372-D: (ULP 4.1) Detected uninitialized Port A in this project. Recommend initializing all unused ports to eliminate wasted current consumption on unused pins.
remark #10372-D: (ULP 4.1) Detected uninitialized Port B in this project. Recommend initializing all unused ports to eliminate wasted current consumption on unused pins.
remark #10372-D: (ULP 4.1) Detected uninitialized Port C in this project. Recommend initializing all unused ports to eliminate wasted current consumption on unused pins.
remark #10372-D: (ULP 4.1) Detected uninitialized Port D in this project. Recommend initializing all unused ports to eliminate wasted current consumption on unused pins.
Finished building target: "Demo.out"
 

**** Build Finished ****

**** Build of configuration Debug for project Demo ****

"C:\\ti\\ccs1210\\ccs\\utils\\bin\\gmake" -k -j 4 all -O 
 
gmake[1]: 'Demo.out' is up to date.

**** Build Finished ****

**** Clean-only build of configuration Debug for project Demo ****

"C:\\ti\\ccs1210\\ccs\\utils\\bin\\gmake" -k -j 4 clean -O 
 
DEL /F  "Demo.hex"  "Demo.out" 
DEL /F "main.obj" 
DEL /F "main.d" 
Finished clean
 

**** Build Finished ****

**** Build of configuration Debug for project Demo ****

"C:\\ti\\ccs1210\\ccs\\utils\\bin\\gmake" -k -j 4 all -O 
 
Building file: "../main.c"
Invoking: MSP430 Compiler
"C:/ti/ccs1210/ccs/tools/compiler/ti-cgt-msp430_21.6.0.LTS/bin/cl430" -vmspx --data_model=restricted --use_hw_mpy=F5 --include_path="C:/ti/ccs1210/ccs/ccs_base/msp430/include" --include_path="D:/Signali i Sistemi/NSS/Vezbe/Demo" --include_path="C:/ti/ccs1210/ccs/tools/compiler/ti-cgt-msp430_21.6.0.LTS/include" --advice:power=all --define=__MSP430F5529__ -g --printf_support=minimal --diag_warning=225 --diag_wrap=off --display_error_number --silicon_errata=CPU21 --silicon_errata=CPU22 --silicon_errata=CPU23 --silicon_errata=CPU40 --preproc_with_compile --preproc_dependency="main.d_raw"  "../main.c"
"../main.c", line 43: warning #112-D: statement is unreachable
Finished building: "../main.c"
 
Building target: "Demo.out"
Invoking: MSP430 Linker
"C:/ti/ccs1210/ccs/tools/compiler/ti-cgt-msp430_21.6.0.LTS/bin/cl430" -vmspx --data_model=restricted --use_hw_mpy=F5 --advice:power=all --define=__MSP430F5529__ -g --printf_support=minimal --diag_warning=225 --diag_wrap=off --display_error_number --silicon_errata=CPU21 --silicon_errata=CPU22 --silicon_errata=CPU23 --silicon_errata=CPU40 -z -m"Demo.map" --heap_size=160 --stack_size=160 --cinit_hold_wdt=on -i"C:/ti/ccs1210/ccs/ccs_base/msp430/include" -i"C:/ti/ccs1210/ccs/ccs_base/msp430/lib/5xx_6xx_FRxx" -i"C:/ti/ccs1210/ccs/tools/compiler/ti-cgt-msp430_21.6.0.LTS/lib" -i"C:/ti/ccs1210/ccs/tools/compiler/ti-cgt-msp430_21.6.0.LTS/include" --reread_libs --diag_wrap=off --display_error_number --warn_sections --xml_link_info="Demo_linkInfo.xml" --use_hw_mpy=F5 --rom_model -o "Demo.out" "./main.obj" "../lnk_msp430f5529.cmd"  -llibmath.a -llibc.a 
<Linking>
remark #10371-D: (ULP 1.1) Detected no uses of low power mode state changing instructions
remark #10372-D: (ULP 4.1) Detected uninitialized Port B in this project. Recommend initializing all unused ports to eliminate wasted current consumption on unused pins.
remark #10372-D: (ULP 4.1) Detected uninitialized Port C in this project. Recommend initializing all unused ports to eliminate wasted current consumption on unused pins.
remark #10372-D: (ULP 4.1) Detected uninitialized Port D in this project. Recommend initializing all unused ports to eliminate wasted current consumption on unused pins.
Finished building target: "Demo.out"
 

**** Build Finished ****

**** Build of configuration Debug for project Demo ****

"C:\\ti\\ccs1210\\ccs\\utils\\bin\\gmake" -k -j 4 all -O 
 
gmake[1]: 'Demo.out' is up to date.

**** Build Finished ****

**** Clean-only build of configuration Debug for project Demo ****

"C:\\ti\\ccs1210\\ccs\\utils\\bin\\gmake" -k -j 4 clean -O 
 
DEL /F  "Demo.hex"  "Demo.out" 
DEL /F "main.obj" 
DEL /F "main.d" 
Finished clean
 

**** Build Finished ****

**** Build of configuration Debug for project Demo ****

"C:\\ti\\ccs1210\\ccs\\utils\\bin\\gmake" -k -j 4 all -O 
 
Building file: "../main.c"
Invoking: MSP430 Compiler
"C:/ti/ccs1210/ccs/tools/compiler/ti-cgt-msp430_21.6.0.LTS/bin/cl430" -vmspx --data_model=restricted --use_hw_mpy=F5 --include_path="C:/ti/ccs1210/ccs/ccs_base/msp430/include" --include_path="D:/Signali i Sistemi/NSS/Vezbe/Demo" --include_path="C:/ti/ccs1210/ccs/tools/compiler/ti-cgt-msp430_21.6.0.LTS/include" --advice:power=all --define=__MSP430F5529__ -g --printf_support=minimal --diag_warning=225 --diag_wrap=off --display_error_number --silicon_errata=CPU21 --silicon_errata=CPU22 --silicon_errata=CPU23 --silicon_errata=CPU40 --preproc_with_compile --preproc_dependency="main.d_raw"  "../main.c"
Finished building: "../main.c"
 
Building target: "Demo.out"
Invoking: MSP430 Linker
"C:/ti/ccs1210/ccs/tools/compiler/ti-cgt-msp430_21.6.0.LTS/bin/cl430" -vmspx --data_model=restricted --use_hw_mpy=F5 --advice:power=all --define=__MSP430F5529__ -g --printf_support=minimal --diag_warning=225 --diag_wrap=off --display_error_number --silicon_errata=CPU21 --silicon_errata=CPU22 --silicon_errata=CPU23 --silicon_errata=CPU40 -z -m"Demo.map" --heap_size=160 --stack_size=160 --cinit_hold_wdt=on -i"C:/ti/ccs1210/ccs/ccs_base/msp430/include" -i"C:/ti/ccs1210/ccs/ccs_base/msp430/lib/5xx_6xx_FRxx" -i"C:/ti/ccs1210/ccs/tools/compiler/ti-cgt-msp430_21.6.0.LTS/lib" -i"C:/ti/ccs1210/ccs/tools/compiler/ti-cgt-msp430_21.6.0.LTS/include" --reread_libs --diag_wrap=off --display_error_number --warn_sections --xml_link_info="Demo_linkInfo.xml" --use_hw_mpy=F5 --rom_model -o "Demo.out" "./main.obj" "../lnk_msp430f5529.cmd"  -llibmath.a -llibc.a 
<Linking>
remark #10371-D: (ULP 1.1) Detected no uses of low power mode state changing instructions
remark #10372-D: (ULP 4.1) Detected uninitialized Port A in this project. Recommend initializing all unused ports to eliminate wasted current consumption on unused pins.
remark #10372-D: (ULP 4.1) Detected uninitialized Port B in this project. Recommend initializing all unused ports to eliminate wasted current consumption on unused pins.
remark #10372-D: (ULP 4.1) Detected uninitialized Port C in this project. Recommend initializing all unused ports to eliminate wasted current consumption on unused pins.
remark #10372-D: (ULP 4.1) Detected uninitialized Port D in this project. Recommend initializing all unused ports to eliminate wasted current consumption on unused pins.
Finished building target: "Demo.out"
 

**** Build Finished ****

**** Build of configuration Debug for project Demo ****

"C:\\ti\\ccs1210\\ccs\\utils\\bin\\gmake" -k -j 4 all -O 
 
gmake[1]: 'Demo.out' is up to date.

**** Build Finished ****

**** Clean-only build of configuration Debug for project Demo ****

"C:\\ti\\ccs1210\\ccs\\utils\\bin\\gmake" -k -j 4 clean -O 
 
DEL /F  "Demo.hex"  "Demo.out" 
DEL /F "main.obj" 
DEL /F "main.d" 
Finished clean
 

**** Build Finished ****

**** Build of configuration Debug for project Demo ****

"C:\\ti\\ccs1210\\ccs\\utils\\bin\\gmake" -k -j 4 all -O 
 
Building file: "../main.c"
Invoking: MSP430 Compiler
"C:/ti/ccs1210/ccs/tools/compiler/ti-cgt-msp430_21.6.0.LTS/bin/cl430" -vmspx --data_model=restricted --use_hw_mpy=F5 --include_path="C:/ti/ccs1210/ccs/ccs_base/msp430/include" --include_path="D:/Signali i Sistemi/NSS/Vezbe/Demo" --include_path="C:/ti/ccs1210/ccs/tools/compiler/ti-cgt-msp430_21.6.0.LTS/include" --advice:power=all --define=__MSP430F5529__ -g --printf_support=minimal --diag_warning=225 --diag_wrap=off --display_error_number --silicon_errata=CPU21 --silicon_errata=CPU22 --silicon_errata=CPU23 --silicon_errata=CPU40 --preproc_with_compile --preproc_dependency="main.d_raw"  "../main.c"
 
>> Compilation failure
subdir_rules.mk:9: recipe for target 'main.obj' failed
"../main.c", line 16: error #110: expression preceding parentheses of apparent call must have (pointer-to-) function type
"../main.c", line 20: warning #112-D: statement is unreachable
1 error detected in the compilation of "../main.c".
gmake: *** [main.obj] Error 1
gmake: Target 'all' not remade because of errors.

**** Build Finished ****

**** Build of configuration Debug for project Demo ****

"C:\\ti\\ccs1210\\ccs\\utils\\bin\\gmake" -k -j 4 all -O 
 
Building file: "../main.c"
Invoking: MSP430 Compiler
"C:/ti/ccs1210/ccs/tools/compiler/ti-cgt-msp430_21.6.0.LTS/bin/cl430" -vmspx --data_model=restricted --use_hw_mpy=F5 --include_path="C:/ti/ccs1210/ccs/ccs_base/msp430/include" --include_path="D:/Signali i Sistemi/NSS/Vezbe/Demo" --include_path="C:/ti/ccs1210/ccs/tools/compiler/ti-cgt-msp430_21.6.0.LTS/include" --advice:power=all --define=__MSP430F5529__ -g --printf_support=minimal --diag_warning=225 --diag_wrap=off --display_error_number --silicon_errata=CPU21 --silicon_errata=CPU22 --silicon_errata=CPU23 --silicon_errata=CPU40 --preproc_with_compile --preproc_dependency="main.d_raw"  "../main.c"
 
>> Compilation failure
subdir_rules.mk:9: recipe for target 'main.obj' failed
"../main.c", line 16: error #110: expression preceding parentheses of apparent call must have (pointer-to-) function type
"../main.c", line 20: warning #112-D: statement is unreachable
1 error detected in the compilation of "../main.c".
gmake: *** [main.obj] Error 1
gmake: Target 'all' not remade because of errors.

**** Build Finished ****

**** Build of configuration Debug for project Demo ****

"C:\\ti\\ccs1210\\ccs\\utils\\bin\\gmake" -k -j 4 all -O 
 
Building file: "../main.c"
Invoking: MSP430 Compiler
"C:/ti/ccs1210/ccs/tools/compiler/ti-cgt-msp430_21.6.0.LTS/bin/cl430" -vmspx --data_model=restricted --use_hw_mpy=F5 --include_path="C:/ti/ccs1210/ccs/ccs_base/msp430/include" --include_path="D:/Signali i Sistemi/NSS/Vezbe/Demo" --include_path="C:/ti/ccs1210/ccs/tools/compiler/ti-cgt-msp430_21.6.0.LTS/include" --advice:power=all --define=__MSP430F5529__ -g --printf_support=minimal --diag_warning=225 --diag_wrap=off --display_error_number --silicon_errata=CPU21 --silicon_errata=CPU22 --silicon_errata=CPU23 --silicon_errata=CPU40 --preproc_with_compile --preproc_dependency="main.d_raw"  "../main.c"
 
>> Compilation failure
subdir_rules.mk:9: recipe for target 'main.obj' failed
"../main.c", line 16: error #110: expression preceding parentheses of apparent call must have (pointer-to-) function type
"../main.c", line 20: warning #112-D: statement is unreachable
1 error detected in the compilation of "../main.c".
gmake: *** [main.obj] Error 1
gmake: Target 'all' not remade because of errors.

**** Build Finished ****

**** Clean-only build of configuration Debug for project Demo ****

"C:\\ti\\ccs1210\\ccs\\utils\\bin\\gmake" -k -j 4 clean -O 
 
DEL /F  "Demo.hex"  "Demo.out" 
DEL /F "main.obj" 
DEL /F "main.d" 
Could Not Find D:\Signali i Sistemi\NSS\Vezbe\Demo\Debug\Demo.hex
Could Not Find D:\Signali i Sistemi\NSS\Vezbe\Demo\Debug\main.obj
Finished clean
 

**** Build Finished ****

**** Build of configuration Debug for project Demo ****

"C:\\ti\\ccs1210\\ccs\\utils\\bin\\gmake" -k -j 4 all -O 
 
Building file: "../main.c"
Invoking: MSP430 Compiler
"C:/ti/ccs1210/ccs/tools/compiler/ti-cgt-msp430_21.6.0.LTS/bin/cl430" -vmspx --data_model=restricted --use_hw_mpy=F5 --include_path="C:/ti/ccs1210/ccs/ccs_base/msp430/include" --include_path="D:/Signali i Sistemi/NSS/Vezbe/Demo" --include_path="C:/ti/ccs1210/ccs/tools/compiler/ti-cgt-msp430_21.6.0.LTS/include" --advice:power=all --define=__MSP430F5529__ -g --printf_support=minimal --diag_warning=225 --diag_wrap=off --display_error_number --silicon_errata=CPU21 --silicon_errata=CPU22 --silicon_errata=CPU23 --silicon_errata=CPU40 --preproc_with_compile --preproc_dependency="main.d_raw"  "../main.c"
"../main.c", line 20: warning #112-D: statement is unreachable
"../main.c", line 16: remark #1527-D: (ULP 2.1) Detected SW delay loop using __delay_cycles. Recommend using a timer module instead
Finished building: "../main.c"
 
Building target: "Demo.out"
Invoking: MSP430 Linker
"C:/ti/ccs1210/ccs/tools/compiler/ti-cgt-msp430_21.6.0.LTS/bin/cl430" -vmspx --data_model=restricted --use_hw_mpy=F5 --advice:power=all --define=__MSP430F5529__ -g --printf_support=minimal --diag_warning=225 --diag_wrap=off --display_error_number --silicon_errata=CPU21 --silicon_errata=CPU22 --silicon_errata=CPU23 --silicon_errata=CPU40 -z -m"Demo.map" --heap_size=160 --stack_size=160 --cinit_hold_wdt=on -i"C:/ti/ccs1210/ccs/ccs_base/msp430/include" -i"C:/ti/ccs1210/ccs/ccs_base/msp430/lib/5xx_6xx_FRxx" -i"C:/ti/ccs1210/ccs/tools/compiler/ti-cgt-msp430_21.6.0.LTS/lib" -i"C:/ti/ccs1210/ccs/tools/compiler/ti-cgt-msp430_21.6.0.LTS/include" --reread_libs --diag_wrap=off --display_error_number --warn_sections --xml_link_info="Demo_linkInfo.xml" --use_hw_mpy=F5 --rom_model -o "Demo.out" "./main.obj" "../lnk_msp430f5529.cmd"  -llibmath.a -llibc.a 
<Linking>
remark #10371-D: (ULP 1.1) Detected no uses of low power mode state changing instructions
remark #10372-D: (ULP 4.1) Detected uninitialized Port A in this project. Recommend initializing all unused ports to eliminate wasted current consumption on unused pins.
remark #10372-D: (ULP 4.1) Detected uninitialized Port B in this project. Recommend initializing all unused ports to eliminate wasted current consumption on unused pins.
remark #10372-D: (ULP 4.1) Detected uninitialized Port C in this project. Recommend initializing all unused ports to eliminate wasted current consumption on unused pins.
remark #10372-D: (ULP 4.1) Detected uninitialized Port D in this project. Recommend initializing all unused ports to eliminate wasted current consumption on unused pins.
Finished building target: "Demo.out"
 

**** Build Finished ****

**** Build of configuration Debug for project Demo ****

"C:\\ti\\ccs1210\\ccs\\utils\\bin\\gmake" -k -j 4 all -O 
 
gmake[1]: 'Demo.out' is up to date.

**** Build Finished ****

**** Clean-only build of configuration Debug for project Demo ****

"C:\\ti\\ccs1210\\ccs\\utils\\bin\\gmake" -k -j 4 clean -O 
 
DEL /F  "Demo.hex"  "Demo.out" 
DEL /F "main.obj" 
DEL /F "main.d" 
Finished clean
 

**** Build Finished ****

**** Build of configuration Debug for project Demo ****

"C:\\ti\\ccs1210\\ccs\\utils\\bin\\gmake" -k -j 4 all -O 
 
Building file: "../main.c"
Invoking: MSP430 Compiler
"C:/ti/ccs1210/ccs/tools/compiler/ti-cgt-msp430_21.6.0.LTS/bin/cl430" -vmspx --data_model=restricted --use_hw_mpy=F5 --include_path="C:/ti/ccs1210/ccs/ccs_base/msp430/include" --include_path="D:/Signali i Sistemi/NSS/Vezbe/Demo" --include_path="C:/ti/ccs1210/ccs/tools/compiler/ti-cgt-msp430_21.6.0.LTS/include" --advice:power=all --define=__MSP430F5529__ -g --printf_support=minimal --diag_warning=225 --diag_wrap=off --display_error_number --silicon_errata=CPU21 --silicon_errata=CPU22 --silicon_errata=CPU23 --silicon_errata=CPU40 --preproc_with_compile --preproc_dependency="main.d_raw"  "../main.c"
"../main.c", line 27: warning #112-D: statement is unreachable
Finished building: "../main.c"
 
Building target: "Demo.out"
Invoking: MSP430 Linker
"C:/ti/ccs1210/ccs/tools/compiler/ti-cgt-msp430_21.6.0.LTS/bin/cl430" -vmspx --data_model=restricted --use_hw_mpy=F5 --advice:power=all --define=__MSP430F5529__ -g --printf_support=minimal --diag_warning=225 --diag_wrap=off --display_error_number --silicon_errata=CPU21 --silicon_errata=CPU22 --silicon_errata=CPU23 --silicon_errata=CPU40 -z -m"Demo.map" --heap_size=160 --stack_size=160 --cinit_hold_wdt=on -i"C:/ti/ccs1210/ccs/ccs_base/msp430/include" -i"C:/ti/ccs1210/ccs/ccs_base/msp430/lib/5xx_6xx_FRxx" -i"C:/ti/ccs1210/ccs/tools/compiler/ti-cgt-msp430_21.6.0.LTS/lib" -i"C:/ti/ccs1210/ccs/tools/compiler/ti-cgt-msp430_21.6.0.LTS/include" --reread_libs --diag_wrap=off --display_error_number --warn_sections --xml_link_info="Demo_linkInfo.xml" --use_hw_mpy=F5 --rom_model -o "Demo.out" "./main.obj" "../lnk_msp430f5529.cmd"  -llibmath.a -llibc.a 
<Linking>
remark #10371-D: (ULP 1.1) Detected no uses of low power mode state changing instructions
remark #10372-D: (ULP 4.1) Detected uninitialized Port B in this project. Recommend initializing all unused ports to eliminate wasted current consumption on unused pins.
remark #10372-D: (ULP 4.1) Detected uninitialized Port C in this project. Recommend initializing all unused ports to eliminate wasted current consumption on unused pins.
remark #10372-D: (ULP 4.1) Detected uninitialized Port D in this project. Recommend initializing all unused ports to eliminate wasted current consumption on unused pins.
Finished building target: "Demo.out"
 

**** Build Finished ****

**** Build of configuration Debug for project Demo ****

"C:\\ti\\ccs1210\\ccs\\utils\\bin\\gmake" -k -j 4 all -O 
 
gmake[1]: 'Demo.out' is up to date.

**** Build Finished ****

**** Clean-only build of configuration Debug for project Demo ****

"C:\\ti\\ccs1210\\ccs\\utils\\bin\\gmake" -k -j 4 clean -O 
 
DEL /F  "Demo.hex"  "Demo.out" 
DEL /F "main.obj" 
DEL /F "main.d" 
Finished clean
 

**** Build Finished ****

**** Build of configuration Debug for project Demo ****

"C:\\ti\\ccs1210\\ccs\\utils\\bin\\gmake" -k -j 4 all -O 
 
Building file: "../main.c"
Invoking: MSP430 Compiler
"C:/ti/ccs1210/ccs/tools/compiler/ti-cgt-msp430_21.6.0.LTS/bin/cl430" -vmspx --data_model=restricted --use_hw_mpy=F5 --include_path="C:/ti/ccs1210/ccs/ccs_base/msp430/include" --include_path="D:/Signali i Sistemi/NSS/Vezbe/Demo" --include_path="C:/ti/ccs1210/ccs/tools/compiler/ti-cgt-msp430_21.6.0.LTS/include" --advice:power=all --define=__MSP430F5529__ -g --printf_support=minimal --diag_warning=225 --diag_wrap=off --display_error_number --silicon_errata=CPU21 --silicon_errata=CPU22 --silicon_errata=CPU23 --silicon_errata=CPU40 --preproc_with_compile --preproc_dependency="main.d_raw"  "../main.c"
"../main.c", line 27: warning #112-D: statement is unreachable
Finished building: "../main.c"
 
Building target: "Demo.out"
Invoking: MSP430 Linker
"C:/ti/ccs1210/ccs/tools/compiler/ti-cgt-msp430_21.6.0.LTS/bin/cl430" -vmspx --data_model=restricted --use_hw_mpy=F5 --advice:power=all --define=__MSP430F5529__ -g --printf_support=minimal --diag_warning=225 --diag_wrap=off --display_error_number --silicon_errata=CPU21 --silicon_errata=CPU22 --silicon_errata=CPU23 --silicon_errata=CPU40 -z -m"Demo.map" --heap_size=160 --stack_size=160 --cinit_hold_wdt=on -i"C:/ti/ccs1210/ccs/ccs_base/msp430/include" -i"C:/ti/ccs1210/ccs/ccs_base/msp430/lib/5xx_6xx_FRxx" -i"C:/ti/ccs1210/ccs/tools/compiler/ti-cgt-msp430_21.6.0.LTS/lib" -i"C:/ti/ccs1210/ccs/tools/compiler/ti-cgt-msp430_21.6.0.LTS/include" --reread_libs --diag_wrap=off --display_error_number --warn_sections --xml_link_info="Demo_linkInfo.xml" --use_hw_mpy=F5 --rom_model -o "Demo.out" "./main.obj" "../lnk_msp430f5529.cmd"  -llibmath.a -llibc.a 
<Linking>
remark #10371-D: (ULP 1.1) Detected no uses of low power mode state changing instructions
remark #10372-D: (ULP 4.1) Detected uninitialized Port B in this project. Recommend initializing all unused ports to eliminate wasted current consumption on unused pins.
remark #10372-D: (ULP 4.1) Detected uninitialized Port C in this project. Recommend initializing all unused ports to eliminate wasted current consumption on unused pins.
remark #10372-D: (ULP 4.1) Detected uninitialized Port D in this project. Recommend initializing all unused ports to eliminate wasted current consumption on unused pins.
Finished building target: "Demo.out"
 

**** Build Finished ****

**** Build of configuration Debug for project Demo ****

"C:\\ti\\ccs1210\\ccs\\utils\\bin\\gmake" -k -j 4 all -O 
 
gmake[1]: 'Demo.out' is up to date.

**** Build Finished ****

**** Clean-only build of configuration Debug for project Demo ****

"C:\\ti\\ccs1210\\ccs\\utils\\bin\\gmake" -k -j 4 clean -O 
 
DEL /F  "Demo.hex"  "Demo.out" 
DEL /F "main.obj" 
DEL /F "main.d" 
Finished clean
 

**** Build Finished ****

**** Build of configuration Debug for project Demo ****

"C:\\ti\\ccs1210\\ccs\\utils\\bin\\gmake" -k -j 4 all -O 
 
Building file: "../main.c"
Invoking: MSP430 Compiler
"C:/ti/ccs1210/ccs/tools/compiler/ti-cgt-msp430_21.6.0.LTS/bin/cl430" -vmspx --data_model=restricted --use_hw_mpy=F5 --include_path="C:/ti/ccs1210/ccs/ccs_base/msp430/include" --include_path="D:/Signali i Sistemi/NSS/Vezbe/Demo" --include_path="C:/ti/ccs1210/ccs/tools/compiler/ti-cgt-msp430_21.6.0.LTS/include" --advice:power=all --define=__MSP430F5529__ -g --printf_support=minimal --diag_warning=225 --diag_wrap=off --display_error_number --silicon_errata=CPU21 --silicon_errata=CPU22 --silicon_errata=CPU23 --silicon_errata=CPU40 --preproc_with_compile --preproc_dependency="main.d_raw"  "../main.c"
"../main.c", line 22: warning #112-D: statement is unreachable
Finished building: "../main.c"
 
Building target: "Demo.out"
Invoking: MSP430 Linker
"C:/ti/ccs1210/ccs/tools/compiler/ti-cgt-msp430_21.6.0.LTS/bin/cl430" -vmspx --data_model=restricted --use_hw_mpy=F5 --advice:power=all --define=__MSP430F5529__ -g --printf_support=minimal --diag_warning=225 --diag_wrap=off --display_error_number --silicon_errata=CPU21 --silicon_errata=CPU22 --silicon_errata=CPU23 --silicon_errata=CPU40 -z -m"Demo.map" --heap_size=160 --stack_size=160 --cinit_hold_wdt=on -i"C:/ti/ccs1210/ccs/ccs_base/msp430/include" -i"C:/ti/ccs1210/ccs/ccs_base/msp430/lib/5xx_6xx_FRxx" -i"C:/ti/ccs1210/ccs/tools/compiler/ti-cgt-msp430_21.6.0.LTS/lib" -i"C:/ti/ccs1210/ccs/tools/compiler/ti-cgt-msp430_21.6.0.LTS/include" --reread_libs --diag_wrap=off --display_error_number --warn_sections --xml_link_info="Demo_linkInfo.xml" --use_hw_mpy=F5 --rom_model -o "Demo.out" "./main.obj" "../lnk_msp430f5529.cmd"  -llibmath.a -llibc.a 
<Linking>
remark #10371-D: (ULP 1.1) Detected no uses of low power mode state changing instructions
remark #10372-D: (ULP 4.1) Detected uninitialized Port B in this project. Recommend initializing all unused ports to eliminate wasted current consumption on unused pins.
remark #10372-D: (ULP 4.1) Detected uninitialized Port C in this project. Recommend initializing all unused ports to eliminate wasted current consumption on unused pins.
remark #10372-D: (ULP 4.1) Detected uninitialized Port D in this project. Recommend initializing all unused ports to eliminate wasted current consumption on unused pins.
Finished building target: "Demo.out"
 

**** Build Finished ****

**** Build of configuration Debug for project Demo ****

"C:\\ti\\ccs1210\\ccs\\utils\\bin\\gmake" -k -j 4 all -O 
 
gmake[1]: 'Demo.out' is up to date.

**** Build Finished ****

**** Clean-only build of configuration Debug for project Demo ****

"C:\\ti\\ccs1210\\ccs\\utils\\bin\\gmake" -k -j 4 clean -O 
 
DEL /F  "Demo.hex"  "Demo.out" 
DEL /F "main.obj" 
DEL /F "main.d" 
Finished clean
 

**** Build Finished ****

**** Build of configuration Debug for project Demo ****

"C:\\ti\\ccs1210\\ccs\\utils\\bin\\gmake" -k -j 4 all -O 
 
Building file: "../main.c"
Invoking: MSP430 Compiler
"C:/ti/ccs1210/ccs/tools/compiler/ti-cgt-msp430_21.6.0.LTS/bin/cl430" -vmspx --data_model=restricted --use_hw_mpy=F5 --include_path="C:/ti/ccs1210/ccs/ccs_base/msp430/include" --include_path="D:/Signali i Sistemi/NSS/Vezbe/Demo" --include_path="C:/ti/ccs1210/ccs/tools/compiler/ti-cgt-msp430_21.6.0.LTS/include" --advice:power=all --define=__MSP430F5529__ -g --printf_support=minimal --diag_warning=225 --diag_wrap=off --display_error_number --silicon_errata=CPU21 --silicon_errata=CPU22 --silicon_errata=CPU23 --silicon_errata=CPU40 --preproc_with_compile --preproc_dependency="main.d_raw"  "../main.c"
 
>> Compilation failure
subdir_rules.mk:9: recipe for target 'main.obj' failed
"../main.c", line 11: error #20: identifier "uint8_t" is undefined
"../main.c", line 19: error #29: expected an expression
"../main.c", line 22: warning #12-D: parsing restarts here after previous syntax error
"../main.c", line 25: warning #112-D: statement is unreachable
2 errors detected in the compilation of "../main.c".
gmake: *** [main.obj] Error 1
gmake: Target 'all' not remade because of errors.

**** Build Finished ****

**** Clean-only build of configuration Debug for project Demo ****

"C:\\ti\\ccs1210\\ccs\\utils\\bin\\gmake" -k -j 4 clean -O 
 
DEL /F  "Demo.hex"  "Demo.out" 
DEL /F "main.obj" 
DEL /F "main.d" 
Could Not Find D:\Signali i Sistemi\NSS\Vezbe\Demo\Debug\Demo.hex
Could Not Find D:\Signali i Sistemi\NSS\Vezbe\Demo\Debug\main.obj
Finished clean
 

**** Build Finished ****

**** Build of configuration Debug for project Demo ****

"C:\\ti\\ccs1210\\ccs\\utils\\bin\\gmake" -k -j 4 all -O 
 
Building file: "../main.c"
Invoking: MSP430 Compiler
"C:/ti/ccs1210/ccs/tools/compiler/ti-cgt-msp430_21.6.0.LTS/bin/cl430" -vmspx --data_model=restricted --use_hw_mpy=F5 --include_path="C:/ti/ccs1210/ccs/ccs_base/msp430/include" --include_path="D:/Signali i Sistemi/NSS/Vezbe/Demo" --include_path="C:/ti/ccs1210/ccs/tools/compiler/ti-cgt-msp430_21.6.0.LTS/include" --advice:power=all --define=__MSP430F5529__ -g --printf_support=minimal --diag_warning=225 --diag_wrap=off --display_error_number --silicon_errata=CPU21 --silicon_errata=CPU22 --silicon_errata=CPU23 --silicon_errata=CPU40 --preproc_with_compile --preproc_dependency="main.d_raw"  "../main.c"
 
>> Compilation failure
subdir_rules.mk:9: recipe for target 'main.obj' failed
"../main.c", line 11: error #20: identifier "uint8_t" is undefined
"../main.c", line 19: error #29: expected an expression
"../main.c", line 22: warning #12-D: parsing restarts here after previous syntax error
"../main.c", line 25: warning #112-D: statement is unreachable
2 errors detected in the compilation of "../main.c".
gmake: *** [main.obj] Error 1
gmake: Target 'all' not remade because of errors.

**** Build Finished ****

**** Clean-only build of configuration Debug for project Demo ****

"C:\\ti\\ccs1210\\ccs\\utils\\bin\\gmake" -k -j 4 clean -O 
 
DEL /F  "Demo.hex"  "Demo.out" 
DEL /F "main.obj" 
DEL /F "main.d" 
Could Not Find D:\Signali i Sistemi\NSS\Vezbe\Demo\Debug\Demo.hex
Could Not Find D:\Signali i Sistemi\NSS\Vezbe\Demo\Debug\main.obj
Finished clean
 

**** Build Finished ****

**** Build of configuration Debug for project Demo ****

"C:\\ti\\ccs1210\\ccs\\utils\\bin\\gmake" -k -j 4 all -O 
 
Building file: "../main.c"
Invoking: MSP430 Compiler
"C:/ti/ccs1210/ccs/tools/compiler/ti-cgt-msp430_21.6.0.LTS/bin/cl430" -vmspx --data_model=restricted --use_hw_mpy=F5 --include_path="C:/ti/ccs1210/ccs/ccs_base/msp430/include" --include_path="D:/Signali i Sistemi/NSS/Vezbe/Demo" --include_path="C:/ti/ccs1210/ccs/tools/compiler/ti-cgt-msp430_21.6.0.LTS/include" --advice:power=all --define=__MSP430F5529__ -g --printf_support=minimal --diag_warning=225 --diag_wrap=off --display_error_number --silicon_errata=CPU21 --silicon_errata=CPU22 --silicon_errata=CPU23 --silicon_errata=CPU40 --preproc_with_compile --preproc_dependency="main.d_raw"  "../main.c"
 
>> Compilation failure
subdir_rules.mk:9: recipe for target 'main.obj' failed
"../main.c", line 20: error #29: expected an expression
"../main.c", line 23: warning #12-D: parsing restarts here after previous syntax error
"../main.c", line 26: warning #112-D: statement is unreachable
"../main.c", line 12: remark #1535-D: (ULP 8.1) variable "P1IN_old" is used as a constant. Recommend declaring variable as either 'static const' or 'const'
1 error detected in the compilation of "../main.c".
gmake: *** [main.obj] Error 1
gmake: Target 'all' not remade because of errors.

**** Build Finished ****

**** Clean-only build of configuration Debug for project Demo ****

"C:\\ti\\ccs1210\\ccs\\utils\\bin\\gmake" -k -j 4 clean -O 
 
DEL /F  "Demo.hex"  "Demo.out" 
DEL /F "main.obj" 
DEL /F "main.d" 
Could Not Find D:\Signali i Sistemi\NSS\Vezbe\Demo\Debug\Demo.hex
Could Not Find D:\Signali i Sistemi\NSS\Vezbe\Demo\Debug\main.obj
Finished clean
 

**** Build Finished ****

**** Build of configuration Debug for project Demo ****

"C:\\ti\\ccs1210\\ccs\\utils\\bin\\gmake" -k -j 4 all -O 
 
Building file: "../main.c"
Invoking: MSP430 Compiler
"C:/ti/ccs1210/ccs/tools/compiler/ti-cgt-msp430_21.6.0.LTS/bin/cl430" -vmspx --data_model=restricted --use_hw_mpy=F5 --include_path="C:/ti/ccs1210/ccs/ccs_base/msp430/include" --include_path="D:/Signali i Sistemi/NSS/Vezbe/Demo" --include_path="C:/ti/ccs1210/ccs/tools/compiler/ti-cgt-msp430_21.6.0.LTS/include" --advice:power=all --define=__MSP430F5529__ -g --printf_support=minimal --diag_warning=225 --diag_wrap=off --display_error_number --silicon_errata=CPU21 --silicon_errata=CPU22 --silicon_errata=CPU23 --silicon_errata=CPU40 --preproc_with_compile --preproc_dependency="main.d_raw"  "../main.c"
"../main.c", line 26: warning #112-D: statement is unreachable
Finished building: "../main.c"
 
Building target: "Demo.out"
Invoking: MSP430 Linker
"C:/ti/ccs1210/ccs/tools/compiler/ti-cgt-msp430_21.6.0.LTS/bin/cl430" -vmspx --data_model=restricted --use_hw_mpy=F5 --advice:power=all --define=__MSP430F5529__ -g --printf_support=minimal --diag_warning=225 --diag_wrap=off --display_error_number --silicon_errata=CPU21 --silicon_errata=CPU22 --silicon_errata=CPU23 --silicon_errata=CPU40 -z -m"Demo.map" --heap_size=160 --stack_size=160 --cinit_hold_wdt=on -i"C:/ti/ccs1210/ccs/ccs_base/msp430/include" -i"C:/ti/ccs1210/ccs/ccs_base/msp430/lib/5xx_6xx_FRxx" -i"C:/ti/ccs1210/ccs/tools/compiler/ti-cgt-msp430_21.6.0.LTS/lib" -i"C:/ti/ccs1210/ccs/tools/compiler/ti-cgt-msp430_21.6.0.LTS/include" --reread_libs --diag_wrap=off --display_error_number --warn_sections --xml_link_info="Demo_linkInfo.xml" --use_hw_mpy=F5 --rom_model -o "Demo.out" "./main.obj" "../lnk_msp430f5529.cmd"  -llibmath.a -llibc.a 
<Linking>
remark #10371-D: (ULP 1.1) Detected no uses of low power mode state changing instructions
remark #10372-D: (ULP 4.1) Detected uninitialized Port B in this project. Recommend initializing all unused ports to eliminate wasted current consumption on unused pins.
remark #10372-D: (ULP 4.1) Detected uninitialized Port C in this project. Recommend initializing all unused ports to eliminate wasted current consumption on unused pins.
remark #10372-D: (ULP 4.1) Detected uninitialized Port D in this project. Recommend initializing all unused ports to eliminate wasted current consumption on unused pins.
Finished building target: "Demo.out"
 

**** Build Finished ****

**** Build of configuration Debug for project Demo ****

"C:\\ti\\ccs1210\\ccs\\utils\\bin\\gmake" -k -j 4 all -O 
 
gmake[1]: 'Demo.out' is up to date.

**** Build Finished ****

**** Clean-only build of configuration Debug for project Demo ****

"C:\\ti\\ccs1210\\ccs\\utils\\bin\\gmake" -k -j 4 clean -O 
 
DEL /F  "Demo.hex"  "Demo.out" 
DEL /F "main.obj" 
DEL /F "main.d" 
Finished clean
 

**** Build Finished ****

**** Build of configuration Debug for project Demo ****

"C:\\ti\\ccs1210\\ccs\\utils\\bin\\gmake" -k -j 4 all -O 
 
Building file: "../main.c"
Invoking: MSP430 Compiler
"C:/ti/ccs1210/ccs/tools/compiler/ti-cgt-msp430_21.6.0.LTS/bin/cl430" -vmspx --data_model=restricted --use_hw_mpy=F5 --include_path="C:/ti/ccs1210/ccs/ccs_base/msp430/include" --include_path="D:/Signali i Sistemi/NSS/Vezbe/Demo" --include_path="C:/ti/ccs1210/ccs/tools/compiler/ti-cgt-msp430_21.6.0.LTS/include" --advice:power=all --define=__MSP430F5529__ -g --printf_support=minimal --diag_warning=225 --diag_wrap=off --display_error_number --silicon_errata=CPU21 --silicon_errata=CPU22 --silicon_errata=CPU23 --silicon_errata=CPU40 --preproc_with_compile --preproc_dependency="main.d_raw"  "../main.c"
"../main.c", line 25: warning #112-D: statement is unreachable
"../main.c", line 23: remark #1527-D: (ULP 2.1) Detected SW delay loop using empty loop. Recommend using a timer module instead
"../main.c", line 30: remark #1527-D: (ULP 2.1) Detected SW delay loop using __delay_cycles. Recommend using a timer module instead
Finished building: "../main.c"
 
Building target: "Demo.out"
Invoking: MSP430 Linker
"C:/ti/ccs1210/ccs/tools/compiler/ti-cgt-msp430_21.6.0.LTS/bin/cl430" -vmspx --data_model=restricted --use_hw_mpy=F5 --advice:power=all --define=__MSP430F5529__ -g --printf_support=minimal --diag_warning=225 --diag_wrap=off --display_error_number --silicon_errata=CPU21 --silicon_errata=CPU22 --silicon_errata=CPU23 --silicon_errata=CPU40 -z -m"Demo.map" --heap_size=160 --stack_size=160 --cinit_hold_wdt=on -i"C:/ti/ccs1210/ccs/ccs_base/msp430/include" -i"C:/ti/ccs1210/ccs/ccs_base/msp430/lib/5xx_6xx_FRxx" -i"C:/ti/ccs1210/ccs/tools/compiler/ti-cgt-msp430_21.6.0.LTS/lib" -i"C:/ti/ccs1210/ccs/tools/compiler/ti-cgt-msp430_21.6.0.LTS/include" --reread_libs --diag_wrap=off --display_error_number --warn_sections --xml_link_info="Demo_linkInfo.xml" --use_hw_mpy=F5 --rom_model -o "Demo.out" "./main.obj" "../lnk_msp430f5529.cmd"  -llibmath.a -llibc.a 
<Linking>
remark #10371-D: (ULP 1.1) Detected no uses of low power mode state changing instructions
remark #10372-D: (ULP 4.1) Detected uninitialized Port B in this project. Recommend initializing all unused ports to eliminate wasted current consumption on unused pins.
remark #10372-D: (ULP 4.1) Detected uninitialized Port C in this project. Recommend initializing all unused ports to eliminate wasted current consumption on unused pins.
remark #10372-D: (ULP 4.1) Detected uninitialized Port D in this project. Recommend initializing all unused ports to eliminate wasted current consumption on unused pins.
Finished building target: "Demo.out"
 

**** Build Finished ****

**** Build of configuration Debug for project Demo ****

"C:\\ti\\ccs1210\\ccs\\utils\\bin\\gmake" -k -j 4 all -O 
 
gmake[1]: 'Demo.out' is up to date.

**** Build Finished ****

**** Clean-only build of configuration Debug for project Demo ****

"C:\\ti\\ccs1210\\ccs\\utils\\bin\\gmake" -k -j 4 clean -O 
 
DEL /F  "Demo.hex"  "Demo.out" 
DEL /F "main.obj" 
DEL /F "main.d" 
Finished clean
 

**** Build Finished ****

**** Build of configuration Debug for project Demo ****

"C:\\ti\\ccs1210\\ccs\\utils\\bin\\gmake" -k -j 4 all -O 
 
Building file: "../main.c"
Invoking: MSP430 Compiler
"C:/ti/ccs1210/ccs/tools/compiler/ti-cgt-msp430_21.6.0.LTS/bin/cl430" -vmspx --data_model=restricted --use_hw_mpy=F5 --include_path="C:/ti/ccs1210/ccs/ccs_base/msp430/include" --include_path="D:/Signali i Sistemi/NSS/Vezbe/Demo" --include_path="C:/ti/ccs1210/ccs/tools/compiler/ti-cgt-msp430_21.6.0.LTS/include" --advice:power=all --define=__MSP430F5529__ -g --printf_support=minimal --diag_warning=225 --diag_wrap=off --display_error_number --silicon_errata=CPU21 --silicon_errata=CPU22 --silicon_errata=CPU23 --silicon_errata=CPU40 --preproc_with_compile --preproc_dependency="main.d_raw"  "../main.c"
"../main.c", line 25: warning #112-D: statement is unreachable
"../main.c", line 23: remark #1527-D: (ULP 2.1) Detected SW delay loop using empty loop. Recommend using a timer module instead
"../main.c", line 30: remark #1527-D: (ULP 2.1) Detected SW delay loop using __delay_cycles. Recommend using a timer module instead
Finished building: "../main.c"
 
Building target: "Demo.out"
Invoking: MSP430 Linker
"C:/ti/ccs1210/ccs/tools/compiler/ti-cgt-msp430_21.6.0.LTS/bin/cl430" -vmspx --data_model=restricted --use_hw_mpy=F5 --advice:power=all --define=__MSP430F5529__ -g --printf_support=minimal --diag_warning=225 --diag_wrap=off --display_error_number --silicon_errata=CPU21 --silicon_errata=CPU22 --silicon_errata=CPU23 --silicon_errata=CPU40 -z -m"Demo.map" --heap_size=160 --stack_size=160 --cinit_hold_wdt=on -i"C:/ti/ccs1210/ccs/ccs_base/msp430/include" -i"C:/ti/ccs1210/ccs/ccs_base/msp430/lib/5xx_6xx_FRxx" -i"C:/ti/ccs1210/ccs/tools/compiler/ti-cgt-msp430_21.6.0.LTS/lib" -i"C:/ti/ccs1210/ccs/tools/compiler/ti-cgt-msp430_21.6.0.LTS/include" --reread_libs --diag_wrap=off --display_error_number --warn_sections --xml_link_info="Demo_linkInfo.xml" --use_hw_mpy=F5 --rom_model -o "Demo.out" "./main.obj" "../lnk_msp430f5529.cmd"  -llibmath.a -llibc.a 
<Linking>
remark #10371-D: (ULP 1.1) Detected no uses of low power mode state changing instructions
remark #10372-D: (ULP 4.1) Detected uninitialized Port B in this project. Recommend initializing all unused ports to eliminate wasted current consumption on unused pins.
remark #10372-D: (ULP 4.1) Detected uninitialized Port C in this project. Recommend initializing all unused ports to eliminate wasted current consumption on unused pins.
remark #10372-D: (ULP 4.1) Detected uninitialized Port D in this project. Recommend initializing all unused ports to eliminate wasted current consumption on unused pins.
Finished building target: "Demo.out"
 

**** Build Finished ****

**** Build of configuration Debug for project Demo ****

"C:\\ti\\ccs1210\\ccs\\utils\\bin\\gmake" -k -j 4 all -O 
 
gmake[1]: 'Demo.out' is up to date.

**** Build Finished ****

**** Build of configuration Debug for project Demo ****

"C:\\ti\\ccs1210\\ccs\\utils\\bin\\gmake" -k -j 4 all -O 
 
Building file: "../main.c"
Invoking: MSP430 Compiler
"C:/ti/ccs1210/ccs/tools/compiler/ti-cgt-msp430_21.6.0.LTS/bin/cl430" -vmspx --data_model=restricted --use_hw_mpy=F5 --include_path="C:/ti/ccs1210/ccs/ccs_base/msp430/include" --include_path="D:/Signali i Sistemi/NSS/Vezbe/Demo" --include_path="C:/ti/ccs1210/ccs/tools/compiler/ti-cgt-msp430_21.6.0.LTS/include" --advice:power=all --define=__MSP430F5529__ -g --printf_support=minimal --diag_warning=225 --diag_wrap=off --display_error_number --silicon_errata=CPU21 --silicon_errata=CPU22 --silicon_errata=CPU23 --silicon_errata=CPU40 --preproc_with_compile --preproc_dependency="main.d_raw"  "../main.c"
"../main.c", line 25: warning #112-D: statement is unreachable
"../main.c", line 23: remark #1527-D: (ULP 2.1) Detected SW delay loop using empty loop. Recommend using a timer module instead
"../main.c", line 30: remark #1527-D: (ULP 2.1) Detected SW delay loop using __delay_cycles. Recommend using a timer module instead
Finished building: "../main.c"
 
Building target: "Demo.out"
Invoking: MSP430 Linker
"C:/ti/ccs1210/ccs/tools/compiler/ti-cgt-msp430_21.6.0.LTS/bin/cl430" -vmspx --data_model=restricted --use_hw_mpy=F5 --advice:power=all --define=__MSP430F5529__ -g --printf_support=minimal --diag_warning=225 --diag_wrap=off --display_error_number --silicon_errata=CPU21 --silicon_errata=CPU22 --silicon_errata=CPU23 --silicon_errata=CPU40 -z -m"Demo.map" --heap_size=160 --stack_size=160 --cinit_hold_wdt=on -i"C:/ti/ccs1210/ccs/ccs_base/msp430/include" -i"C:/ti/ccs1210/ccs/ccs_base/msp430/lib/5xx_6xx_FRxx" -i"C:/ti/ccs1210/ccs/tools/compiler/ti-cgt-msp430_21.6.0.LTS/lib" -i"C:/ti/ccs1210/ccs/tools/compiler/ti-cgt-msp430_21.6.0.LTS/include" --reread_libs --diag_wrap=off --display_error_number --warn_sections --xml_link_info="Demo_linkInfo.xml" --use_hw_mpy=F5 --rom_model -o "Demo.out" "./main.obj" "../lnk_msp430f5529.cmd"  -llibmath.a -llibc.a 
<Linking>
remark #10371-D: (ULP 1.1) Detected no uses of low power mode state changing instructions
remark #10372-D: (ULP 4.1) Detected uninitialized Port B in this project. Recommend initializing all unused ports to eliminate wasted current consumption on unused pins.
remark #10372-D: (ULP 4.1) Detected uninitialized Port C in this project. Recommend initializing all unused ports to eliminate wasted current consumption on unused pins.
remark #10372-D: (ULP 4.1) Detected uninitialized Port D in this project. Recommend initializing all unused ports to eliminate wasted current consumption on unused pins.
Finished building target: "Demo.out"
 

**** Build Finished ****

**** Clean-only build of configuration Debug for project Demo ****

"C:\\ti\\ccs1210\\ccs\\utils\\bin\\gmake" -k -j 4 clean -O 
 
DEL /F  "Demo.hex"  "Demo.out" 
DEL /F "main.obj" 
DEL /F "main.d" 
Finished clean
 

**** Build Finished ****

**** Build of configuration Debug for project Demo ****

"C:\\ti\\ccs1210\\ccs\\utils\\bin\\gmake" -k -j 4 all -O 
 
Building file: "../main.c"
Invoking: MSP430 Compiler
"C:/ti/ccs1210/ccs/tools/compiler/ti-cgt-msp430_21.6.0.LTS/bin/cl430" -vmspx --data_model=restricted --use_hw_mpy=F5 --include_path="C:/ti/ccs1210/ccs/ccs_base/msp430/include" --include_path="D:/Signali i Sistemi/NSS/Vezbe/Demo" --include_path="C:/ti/ccs1210/ccs/tools/compiler/ti-cgt-msp430_21.6.0.LTS/include" --advice:power=all --define=__MSP430F5529__ -g --printf_support=minimal --diag_warning=225 --diag_wrap=off --display_error_number --silicon_errata=CPU21 --silicon_errata=CPU22 --silicon_errata=CPU23 --silicon_errata=CPU40 --preproc_with_compile --preproc_dependency="main.d_raw"  "../main.c"
 
>> Compilation failure
subdir_rules.mk:9: recipe for target 'main.obj' failed
"../main.c", line 3: fatal error #1965: cannot open source file "ETF_5529_HAL/hal_7seg.h"
1 catastrophic error detected in the compilation of "../main.c".
Compilation terminated.
gmake: *** [main.obj] Error 1
gmake: Target 'all' not remade because of errors.

**** Build Finished ****

**** Build of configuration Debug for project Demo ****

"C:\\ti\\ccs1210\\ccs\\utils\\bin\\gmake" -k -j 4 all -O 
 
Building file: "../main.c"
Invoking: MSP430 Compiler
"C:/ti/ccs1210/ccs/tools/compiler/ti-cgt-msp430_21.6.0.LTS/bin/cl430" -vmspx --data_model=restricted --use_hw_mpy=F5 --include_path="C:/ti/ccs1210/ccs/ccs_base/msp430/include" --include_path="D:/Signali i Sistemi/NSS/Vezbe/Demo" --include_path="C:/ti/ccs1210/ccs/tools/compiler/ti-cgt-msp430_21.6.0.LTS/include" --advice:power=all --define=__MSP430F5529__ -g --printf_support=minimal --diag_warning=225 --diag_wrap=off --display_error_number --silicon_errata=CPU21 --silicon_errata=CPU22 --silicon_errata=CPU23 --silicon_errata=CPU40 --preproc_with_compile --preproc_dependency="main.d_raw"  "../main.c"
 
>> Compilation failure
subdir_rules.mk:9: recipe for target 'main.obj' failed
"../main.c", line 3: fatal error #1965: cannot open source file "ETF_5529_HAL/hal_7seg.h"
1 catastrophic error detected in the compilation of "../main.c".
Compilation terminated.
gmake: *** [main.obj] Error 1
gmake: Target 'all' not remade because of errors.

**** Build Finished ****

**** Clean-only build of configuration Debug for project Demo ****

"C:\\ti\\ccs1210\\ccs\\utils\\bin\\gmake" -k -j 4 clean -O 
 
DEL /F  "Demo.hex"  "Demo.out" 
DEL /F "main.obj" 
DEL /F "main.d" 
Could Not Find D:\Signali i Sistemi\NSS\Vezbe\Demo\Debug\Demo.hex
Could Not Find D:\Signali i Sistemi\NSS\Vezbe\Demo\Debug\main.obj
Finished clean
 

**** Build Finished ****

**** Build of configuration Debug for project Demo ****

"C:\\ti\\ccs1210\\ccs\\utils\\bin\\gmake" -k -j 4 all -O 
 
Building file: "../main.c"
Invoking: MSP430 Compiler
"C:/ti/ccs1210/ccs/tools/compiler/ti-cgt-msp430_21.6.0.LTS/bin/cl430" -vmspx --data_model=restricted --use_hw_mpy=F5 --include_path="C:/ti/ccs1210/ccs/ccs_base/msp430/include" --include_path="D:/Signali i Sistemi/NSS/Vezbe/Demo" --include_path="C:/ti/ccs1210/ccs/tools/compiler/ti-cgt-msp430_21.6.0.LTS/include" --advice:power=all --define=__MSP430F5529__ -g --printf_support=minimal --diag_warning=225 --diag_wrap=off --display_error_number --silicon_errata=CPU21 --silicon_errata=CPU22 --silicon_errata=CPU23 --silicon_errata=CPU40 --preproc_with_compile --preproc_dependency="main.d_raw"  "../main.c"
 
>> Compilation failure
subdir_rules.mk:9: recipe for target 'main.obj' failed
"../main.c", line 3: fatal error #1965: cannot open source file "ETF_5529_HAL/hal_7seg.h"
1 catastrophic error detected in the compilation of "../main.c".
Compilation terminated.
gmake: *** [main.obj] Error 1
gmake: Target 'all' not remade because of errors.

**** Build Finished ****

**** Clean-only build of configuration Debug for project Demo ****

"C:\\ti\\ccs1210\\ccs\\utils\\bin\\gmake" -k -j 4 clean -O 
 
DEL /F  "Demo.hex"  "Demo.out" 
DEL /F "main.obj" 
DEL /F "main.d" 
Could Not Find D:\Signali i Sistemi\NSS\Vezbe\Demo\Debug\Demo.hex
Could Not Find D:\Signali i Sistemi\NSS\Vezbe\Demo\Debug\main.obj
Finished clean
 

**** Build Finished ****

**** Build of configuration Debug for project Demo ****

"C:\\ti\\ccs1210\\ccs\\utils\\bin\\gmake" -k -j 4 all -O 
 
Building file: "../main.c"
Invoking: MSP430 Compiler
"C:/ti/ccs1210/ccs/tools/compiler/ti-cgt-msp430_21.6.0.LTS/bin/cl430" -vmspx --data_model=restricted --use_hw_mpy=F5 --include_path="C:/ti/ccs1210/ccs/ccs_base/msp430/include" --include_path="D:/Signali i Sistemi/NSS/Vezbe/Demo" --include_path="C:/ti/ccs1210/ccs/tools/compiler/ti-cgt-msp430_21.6.0.LTS/include" --advice:power=all --define=__MSP430F5529__ -g --printf_support=minimal --diag_warning=225 --diag_wrap=off --display_error_number --silicon_errata=CPU21 --silicon_errata=CPU22 --silicon_errata=CPU23 --silicon_errata=CPU40 --preproc_with_compile --preproc_dependency="main.d_raw"  "../main.c"
"../main.c", line 31: warning #112-D: statement is unreachable
"../main.c", line 29: remark #1527-D: (ULP 2.1) Detected SW delay loop using empty loop. Recommend using a timer module instead
"../main.c", line 36: remark #1527-D: (ULP 2.1) Detected SW delay loop using __delay_cycles. Recommend using a timer module instead
"../main.c", line 42: remark #1538-D: (ULP 10.1) ISR P1ISR calls function HAL_7Seg_WriteDigit. Recommend moving function call away from ISR, or inlining the function, or using pragmas
Finished building: "../main.c"
 
Building target: "Demo.out"
Invoking: MSP430 Linker
"C:/ti/ccs1210/ccs/tools/compiler/ti-cgt-msp430_21.6.0.LTS/bin/cl430" -vmspx --data_model=restricted --use_hw_mpy=F5 --advice:power=all --define=__MSP430F5529__ -g --printf_support=minimal --diag_warning=225 --diag_wrap=off --display_error_number --silicon_errata=CPU21 --silicon_errata=CPU22 --silicon_errata=CPU23 --silicon_errata=CPU40 -z -m"Demo.map" --heap_size=160 --stack_size=160 --cinit_hold_wdt=on -i"C:/ti/ccs1210/ccs/ccs_base/msp430/include" -i"C:/ti/ccs1210/ccs/ccs_base/msp430/lib/5xx_6xx_FRxx" -i"C:/ti/ccs1210/ccs/tools/compiler/ti-cgt-msp430_21.6.0.LTS/lib" -i"C:/ti/ccs1210/ccs/tools/compiler/ti-cgt-msp430_21.6.0.LTS/include" --reread_libs --diag_wrap=off --display_error_number --warn_sections --xml_link_info="Demo_linkInfo.xml" --use_hw_mpy=F5 --rom_model -o "Demo.out" "./main.obj" "../lnk_msp430f5529.cmd"  -llibmath.a -llibc.a 
<Linking>
 
 undefined           first referenced
  symbol                 in file     
 ---------           ----------------
 HAL_7Seg_Init       ./main.obj      
 HAL_7Seg_WriteDigit ./main.obj      
 
error #10234-D: unresolved symbols remain
remark #10371-D: (ULP 1.1) Detected no uses of low power mode state changing instructions
error #10010: errors encountered during linking; "Demo.out" not built
remark #10372-D: (ULP 4.1) Detected uninitialized Port A in this project. Recommend initializing all unused ports to eliminate wasted current consumption on unused pins.
remark #10372-D: (ULP 4.1) Detected uninitialized Port B in this project. Recommend initializing all unused ports to eliminate wasted current consumption on unused pins.
remark #10372-D: (ULP 4.1) Detected uninitialized Port C in this project. Recommend initializing all unused ports to eliminate wasted current consumption on unused pins.
remark #10372-D: (ULP 4.1) Detected uninitialized Port D in this project. Recommend initializing all unused ports to eliminate wasted current consumption on unused pins.
 
>> Compilation failure
makefile:142: recipe for target 'Demo.out' failed
gmake[1]: *** [Demo.out] Error 1
makefile:138: recipe for target 'all' failed
gmake: *** [all] Error 2

**** Build Finished ****

**** Clean-only build of configuration Debug for project Demo ****

"C:\\ti\\ccs1210\\ccs\\utils\\bin\\gmake" -k -j 4 clean -O 
 
DEL /F  "Demo.hex"  "Demo.out" 
DEL /F "main.obj" 
DEL /F "main.d" 
Could Not Find D:\Signali i Sistemi\NSS\Vezbe\Demo\Debug\Demo.hex
Finished clean
 

**** Build Finished ****

**** Build of configuration Debug for project Demo ****

"C:\\ti\\ccs1210\\ccs\\utils\\bin\\gmake" -k -j 4 all -O 
 
Building file: "../main.c"
Invoking: MSP430 Compiler
"C:/ti/ccs1210/ccs/tools/compiler/ti-cgt-msp430_21.6.0.LTS/bin/cl430" -vmspx --data_model=restricted --use_hw_mpy=F5 --include_path="C:/ti/ccs1210/ccs/ccs_base/msp430/include" --include_path="D:/Signali i Sistemi/NSS/Vezbe/Demo" --include_path="C:/ti/ccs1210/ccs/tools/compiler/ti-cgt-msp430_21.6.0.LTS/include" --advice:power=all --define=__MSP430F5529__ -g --printf_support=minimal --diag_warning=225 --diag_wrap=off --display_error_number --silicon_errata=CPU21 --silicon_errata=CPU22 --silicon_errata=CPU23 --silicon_errata=CPU40 --preproc_with_compile --preproc_dependency="main.d_raw"  "../main.c"
"../main.c", line 31: warning #112-D: statement is unreachable
"../main.c", line 29: remark #1527-D: (ULP 2.1) Detected SW delay loop using empty loop. Recommend using a timer module instead
"../main.c", line 36: remark #1527-D: (ULP 2.1) Detected SW delay loop using __delay_cycles. Recommend using a timer module instead
"../main.c", line 42: remark #1538-D: (ULP 10.1) ISR P1ISR calls function HAL_7Seg_WriteDigit. Recommend moving function call away from ISR, or inlining the function, or using pragmas
Finished building: "../main.c"
 
Building file: "../ETF_5529_HAL/hal_7seg.c"
Invoking: MSP430 Compiler
"C:/ti/ccs1210/ccs/tools/compiler/ti-cgt-msp430_21.6.0.LTS/bin/cl430" -vmspx --data_model=restricted --use_hw_mpy=F5 --include_path="C:/ti/ccs1210/ccs/ccs_base/msp430/include" --include_path="D:/Signali i Sistemi/NSS/Vezbe/Demo" --include_path="C:/ti/ccs1210/ccs/tools/compiler/ti-cgt-msp430_21.6.0.LTS/include" --advice:power=all --define=__MSP430F5529__ -g --printf_support=minimal --diag_warning=225 --diag_wrap=off --display_error_number --silicon_errata=CPU21 --silicon_errata=CPU22 --silicon_errata=CPU23 --silicon_errata=CPU40 --preproc_with_compile --preproc_dependency="ETF_5529_HAL/hal_7seg.d_raw" --obj_directory="ETF_5529_HAL"  "../ETF_5529_HAL/hal_7seg.c"
Finished building: "../ETF_5529_HAL/hal_7seg.c"
 
Building target: "Demo.out"
Invoking: MSP430 Linker
"C:/ti/ccs1210/ccs/tools/compiler/ti-cgt-msp430_21.6.0.LTS/bin/cl430" -vmspx --data_model=restricted --use_hw_mpy=F5 --advice:power=all --define=__MSP430F5529__ -g --printf_support=minimal --diag_warning=225 --diag_wrap=off --display_error_number --silicon_errata=CPU21 --silicon_errata=CPU22 --silicon_errata=CPU23 --silicon_errata=CPU40 -z -m"Demo.map" --heap_size=160 --stack_size=160 --cinit_hold_wdt=on -i"C:/ti/ccs1210/ccs/ccs_base/msp430/include" -i"C:/ti/ccs1210/ccs/ccs_base/msp430/lib/5xx_6xx_FRxx" -i"C:/ti/ccs1210/ccs/tools/compiler/ti-cgt-msp430_21.6.0.LTS/lib" -i"C:/ti/ccs1210/ccs/tools/compiler/ti-cgt-msp430_21.6.0.LTS/include" --reread_libs --diag_wrap=off --display_error_number --warn_sections --xml_link_info="Demo_linkInfo.xml" --use_hw_mpy=F5 --rom_model -o "Demo.out" "./main.obj" "./ETF_5529_HAL/hal_7seg.obj" "../lnk_msp430f5529.cmd"  -llibmath.a -llibc.a 
<Linking>
remark #10371-D: (ULP 1.1) Detected no uses of low power mode state changing instructions
remark #10372-D: (ULP 4.1) Detected uninitialized Port A in this project. Recommend initializing all unused ports to eliminate wasted current consumption on unused pins.
remark #10372-D: (ULP 4.1) Detected uninitialized Port C in this project. Recommend initializing all unused ports to eliminate wasted current consumption on unused pins.
remark #10372-D: (ULP 4.1) Detected uninitialized Port D in this project. Recommend initializing all unused ports to eliminate wasted current consumption on unused pins.
Finished building target: "Demo.out"
 

**** Build Finished ****

**** Build of configuration Debug for project Demo ****

"C:\\ti\\ccs1210\\ccs\\utils\\bin\\gmake" -k -j 4 all -O 
 
gmake[1]: 'Demo.out' is up to date.

**** Build Finished ****

**** Clean-only build of configuration Debug for project Demo ****

"C:\\ti\\ccs1210\\ccs\\utils\\bin\\gmake" -k -j 4 clean -O 
 
DEL /F  "Demo.hex"  "Demo.out" 
DEL /F "main.obj" "ETF_5529_HAL\hal_7seg.obj" 
DEL /F "main.d" "ETF_5529_HAL\hal_7seg.d" 
Finished clean
 

**** Build Finished ****

**** Build of configuration Debug for project Demo ****

"C:\\ti\\ccs1210\\ccs\\utils\\bin\\gmake" -k -j 4 all -O 
 
Building file: "../main.c"
Invoking: MSP430 Compiler
"C:/ti/ccs1210/ccs/tools/compiler/ti-cgt-msp430_21.6.0.LTS/bin/cl430" -vmspx --data_model=restricted --use_hw_mpy=F5 --include_path="C:/ti/ccs1210/ccs/ccs_base/msp430/include" --include_path="D:/Signali i Sistemi/NSS/Vezbe/Demo" --include_path="C:/ti/ccs1210/ccs/tools/compiler/ti-cgt-msp430_21.6.0.LTS/include" --advice:power=all --define=__MSP430F5529__ -g --printf_support=minimal --diag_warning=225 --diag_wrap=off --display_error_number --silicon_errata=CPU21 --silicon_errata=CPU22 --silicon_errata=CPU23 --silicon_errata=CPU40 --preproc_with_compile --preproc_dependency="main.d_raw"  "../main.c"
"../main.c", line 31: warning #112-D: statement is unreachable
"../main.c", line 29: remark #1527-D: (ULP 2.1) Detected SW delay loop using empty loop. Recommend using a timer module instead
"../main.c", line 36: remark #1527-D: (ULP 2.1) Detected SW delay loop using __delay_cycles. Recommend using a timer module instead
"../main.c", line 42: remark #1538-D: (ULP 10.1) ISR P1ISR calls function HAL_7Seg_WriteDigit. Recommend moving function call away from ISR, or inlining the function, or using pragmas
Finished building: "../main.c"
 
Building file: "../ETF_5529_HAL/hal_7seg.c"
Invoking: MSP430 Compiler
"C:/ti/ccs1210/ccs/tools/compiler/ti-cgt-msp430_21.6.0.LTS/bin/cl430" -vmspx --data_model=restricted --use_hw_mpy=F5 --include_path="C:/ti/ccs1210/ccs/ccs_base/msp430/include" --include_path="D:/Signali i Sistemi/NSS/Vezbe/Demo" --include_path="C:/ti/ccs1210/ccs/tools/compiler/ti-cgt-msp430_21.6.0.LTS/include" --advice:power=all --define=__MSP430F5529__ -g --printf_support=minimal --diag_warning=225 --diag_wrap=off --display_error_number --silicon_errata=CPU21 --silicon_errata=CPU22 --silicon_errata=CPU23 --silicon_errata=CPU40 --preproc_with_compile --preproc_dependency="ETF_5529_HAL/hal_7seg.d_raw" --obj_directory="ETF_5529_HAL"  "../ETF_5529_HAL/hal_7seg.c"
Finished building: "../ETF_5529_HAL/hal_7seg.c"
 
Building target: "Demo.out"
Invoking: MSP430 Linker
"C:/ti/ccs1210/ccs/tools/compiler/ti-cgt-msp430_21.6.0.LTS/bin/cl430" -vmspx --data_model=restricted --use_hw_mpy=F5 --advice:power=all --define=__MSP430F5529__ -g --printf_support=minimal --diag_warning=225 --diag_wrap=off --display_error_number --silicon_errata=CPU21 --silicon_errata=CPU22 --silicon_errata=CPU23 --silicon_errata=CPU40 -z -m"Demo.map" --heap_size=160 --stack_size=160 --cinit_hold_wdt=on -i"C:/ti/ccs1210/ccs/ccs_base/msp430/include" -i"C:/ti/ccs1210/ccs/ccs_base/msp430/lib/5xx_6xx_FRxx" -i"C:/ti/ccs1210/ccs/tools/compiler/ti-cgt-msp430_21.6.0.LTS/lib" -i"C:/ti/ccs1210/ccs/tools/compiler/ti-cgt-msp430_21.6.0.LTS/include" --reread_libs --diag_wrap=off --display_error_number --warn_sections --xml_link_info="Demo_linkInfo.xml" --use_hw_mpy=F5 --rom_model -o "Demo.out" "./main.obj" "./ETF_5529_HAL/hal_7seg.obj" "../lnk_msp430f5529.cmd"  -llibmath.a -llibc.a 
<Linking>
remark #10371-D: (ULP 1.1) Detected no uses of low power mode state changing instructions
remark #10372-D: (ULP 4.1) Detected uninitialized Port A in this project. Recommend initializing all unused ports to eliminate wasted current consumption on unused pins.
remark #10372-D: (ULP 4.1) Detected uninitialized Port C in this project. Recommend initializing all unused ports to eliminate wasted current consumption on unused pins.
remark #10372-D: (ULP 4.1) Detected uninitialized Port D in this project. Recommend initializing all unused ports to eliminate wasted current consumption on unused pins.
Finished building target: "Demo.out"
 

**** Build Finished ****

**** Build of configuration Debug for project Demo ****

"C:\\ti\\ccs1210\\ccs\\utils\\bin\\gmake" -k -j 4 all -O 
 
gmake[1]: 'Demo.out' is up to date.

**** Build Finished ****

**** Clean-only build of configuration Debug for project Demo ****

"C:\\ti\\ccs1210\\ccs\\utils\\bin\\gmake" -k -j 4 clean -O 
 
DEL /F  "Demo.hex"  "Demo.out" 
DEL /F "main.obj" "ETF_5529_HAL\hal_7seg.obj" 
DEL /F "main.d" "ETF_5529_HAL\hal_7seg.d" 
Finished clean
 

**** Build Finished ****

**** Build of configuration Debug for project Demo ****

"C:\\ti\\ccs1210\\ccs\\utils\\bin\\gmake" -k -j 4 all -O 
 
Building file: "../main.c"
Invoking: MSP430 Compiler
"C:/ti/ccs1210/ccs/tools/compiler/ti-cgt-msp430_21.6.0.LTS/bin/cl430" -vmspx --data_model=restricted --use_hw_mpy=F5 --include_path="C:/ti/ccs1210/ccs/ccs_base/msp430/include" --include_path="D:/Signali i Sistemi/NSS/Vezbe/Demo" --include_path="C:/ti/ccs1210/ccs/tools/compiler/ti-cgt-msp430_21.6.0.LTS/include" --advice:power=all --define=__MSP430F5529__ -g --printf_support=minimal --diag_warning=225 --diag_wrap=off --display_error_number --silicon_errata=CPU21 --silicon_errata=CPU22 --silicon_errata=CPU23 --silicon_errata=CPU40 --preproc_with_compile --preproc_dependency="main.d_raw"  "../main.c"
 
>> Compilation failure
subdir_rules.mk:9: recipe for target 'main.obj' failed
"../main.c", line 9: remark #1530-D: (ULP 5.1) Detected divide operation(s). Recommend moving them to RAM during run time or not using as these are processing/power intensive
"../main.c", line 13: remark #1530-D: (ULP 5.1) Detected divide operation(s). Recommend moving them to RAM during run time or not using as these are processing/power intensive
"../main.c", line 44: error #20: identifier "lowDigit" is undefined
"../main.c", line 45: error #20: identifier "highDigit" is undefined
"../main.c", line 64: warning #112-D: statement is unreachable
"../main.c", line 51: remark #1527-D: (ULP 2.1) Detected SW delay loop using __delay_cycles. Recommend using a timer module instead
"../main.c", line 58: remark #1527-D: (ULP 2.1) Detected SW delay loop using __delay_cycles. Recommend using a timer module instead
"../main.c", line 69: remark #1527-D: (ULP 2.1) Detected SW delay loop using __delay_cycles. Recommend using a timer module instead
2 errors detected in the compilation of "../main.c".
gmake: *** [main.obj] Error 1
Building file: "../ETF_5529_HAL/hal_7seg.c"
Invoking: MSP430 Compiler
"C:/ti/ccs1210/ccs/tools/compiler/ti-cgt-msp430_21.6.0.LTS/bin/cl430" -vmspx --data_model=restricted --use_hw_mpy=F5 --include_path="C:/ti/ccs1210/ccs/ccs_base/msp430/include" --include_path="D:/Signali i Sistemi/NSS/Vezbe/Demo" --include_path="C:/ti/ccs1210/ccs/tools/compiler/ti-cgt-msp430_21.6.0.LTS/include" --advice:power=all --define=__MSP430F5529__ -g --printf_support=minimal --diag_warning=225 --diag_wrap=off --display_error_number --silicon_errata=CPU21 --silicon_errata=CPU22 --silicon_errata=CPU23 --silicon_errata=CPU40 --preproc_with_compile --preproc_dependency="ETF_5529_HAL/hal_7seg.d_raw" --obj_directory="ETF_5529_HAL"  "../ETF_5529_HAL/hal_7seg.c"
Finished building: "../ETF_5529_HAL/hal_7seg.c"
 
gmake: Target 'all' not remade because of errors.

**** Build Finished ****

**** Clean-only build of configuration Debug for project Demo ****

"C:\\ti\\ccs1210\\ccs\\utils\\bin\\gmake" -k -j 4 clean -O 
 
DEL /F  "Demo.hex"  "Demo.out" 
DEL /F "main.obj" "ETF_5529_HAL\hal_7seg.obj" 
DEL /F "main.d" "ETF_5529_HAL\hal_7seg.d" 
Could Not Find D:\Signali i Sistemi\NSS\Vezbe\Demo\Debug\Demo.hex
Could Not Find D:\Signali i Sistemi\NSS\Vezbe\Demo\Debug\main.obj
Finished clean
 

**** Build Finished ****

**** Build of configuration Debug for project Demo ****

"C:\\ti\\ccs1210\\ccs\\utils\\bin\\gmake" -k -j 4 all -O 
 
Building file: "../main.c"
Invoking: MSP430 Compiler
"C:/ti/ccs1210/ccs/tools/compiler/ti-cgt-msp430_21.6.0.LTS/bin/cl430" -vmspx --data_model=restricted --use_hw_mpy=F5 --include_path="C:/ti/ccs1210/ccs/ccs_base/msp430/include" --include_path="D:/Signali i Sistemi/NSS/Vezbe/Demo" --include_path="C:/ti/ccs1210/ccs/tools/compiler/ti-cgt-msp430_21.6.0.LTS/include" --advice:power=all --define=__MSP430F5529__ -g --printf_support=minimal --diag_warning=225 --diag_wrap=off --display_error_number --silicon_errata=CPU21 --silicon_errata=CPU22 --silicon_errata=CPU23 --silicon_errata=CPU40 --preproc_with_compile --preproc_dependency="main.d_raw"  "../main.c"
"../main.c", line 11: remark #1530-D: (ULP 5.1) Detected divide operation(s). Recommend moving them to RAM during run time or not using as these are processing/power intensive
"../main.c", line 15: remark #1530-D: (ULP 5.1) Detected divide operation(s). Recommend moving them to RAM during run time or not using as these are processing/power intensive
"../main.c", line 66: warning #112-D: statement is unreachable
"../main.c", line 53: remark #1527-D: (ULP 2.1) Detected SW delay loop using __delay_cycles. Recommend using a timer module instead
"../main.c", line 60: remark #1527-D: (ULP 2.1) Detected SW delay loop using __delay_cycles. Recommend using a timer module instead
"../main.c", line 71: remark #1527-D: (ULP 2.1) Detected SW delay loop using __delay_cycles. Recommend using a timer module instead
Finished building: "../main.c"
 
Building file: "../ETF_5529_HAL/hal_7seg.c"
Invoking: MSP430 Compiler
"C:/ti/ccs1210/ccs/tools/compiler/ti-cgt-msp430_21.6.0.LTS/bin/cl430" -vmspx --data_model=restricted --use_hw_mpy=F5 --include_path="C:/ti/ccs1210/ccs/ccs_base/msp430/include" --include_path="D:/Signali i Sistemi/NSS/Vezbe/Demo" --include_path="C:/ti/ccs1210/ccs/tools/compiler/ti-cgt-msp430_21.6.0.LTS/include" --advice:power=all --define=__MSP430F5529__ -g --printf_support=minimal --diag_warning=225 --diag_wrap=off --display_error_number --silicon_errata=CPU21 --silicon_errata=CPU22 --silicon_errata=CPU23 --silicon_errata=CPU40 --preproc_with_compile --preproc_dependency="ETF_5529_HAL/hal_7seg.d_raw" --obj_directory="ETF_5529_HAL"  "../ETF_5529_HAL/hal_7seg.c"
Finished building: "../ETF_5529_HAL/hal_7seg.c"
 
Building target: "Demo.out"
Invoking: MSP430 Linker
"C:/ti/ccs1210/ccs/tools/compiler/ti-cgt-msp430_21.6.0.LTS/bin/cl430" -vmspx --data_model=restricted --use_hw_mpy=F5 --advice:power=all --define=__MSP430F5529__ -g --printf_support=minimal --diag_warning=225 --diag_wrap=off --display_error_number --silicon_errata=CPU21 --silicon_errata=CPU22 --silicon_errata=CPU23 --silicon_errata=CPU40 -z -m"Demo.map" --heap_size=160 --stack_size=160 --cinit_hold_wdt=on -i"C:/ti/ccs1210/ccs/ccs_base/msp430/include" -i"C:/ti/ccs1210/ccs/ccs_base/msp430/lib/5xx_6xx_FRxx" -i"C:/ti/ccs1210/ccs/tools/compiler/ti-cgt-msp430_21.6.0.LTS/lib" -i"C:/ti/ccs1210/ccs/tools/compiler/ti-cgt-msp430_21.6.0.LTS/include" --reread_libs --diag_wrap=off --display_error_number --warn_sections --xml_link_info="Demo_linkInfo.xml" --use_hw_mpy=F5 --rom_model -o "Demo.out" "./main.obj" "./ETF_5529_HAL/hal_7seg.obj" "../lnk_msp430f5529.cmd"  -llibmath.a -llibc.a 
<Linking>
remark #10371-D: (ULP 1.1) Detected no uses of low power mode state changing instructions
remark #10372-D: (ULP 4.1) Detected uninitialized Port A in this project. Recommend initializing all unused ports to eliminate wasted current consumption on unused pins.
remark #10372-D: (ULP 4.1) Detected uninitialized Port C in this project. Recommend initializing all unused ports to eliminate wasted current consumption on unused pins.
remark #10372-D: (ULP 4.1) Detected uninitialized Port D in this project. Recommend initializing all unused ports to eliminate wasted current consumption on unused pins.
Finished building target: "Demo.out"
 

**** Build Finished ****

**** Build of configuration Debug for project Demo ****

"C:\\ti\\ccs1210\\ccs\\utils\\bin\\gmake" -k -j 4 all -O 
 
gmake[1]: 'Demo.out' is up to date.

**** Build Finished ****

**** Clean-only build of configuration Debug for project Demo ****

"C:\\ti\\ccs1210\\ccs\\utils\\bin\\gmake" -k -j 4 clean -O 
 
DEL /F  "Demo.hex"  "Demo.out" 
DEL /F "main.obj" "ETF_5529_HAL\hal_7seg.obj" 
DEL /F "main.d" "ETF_5529_HAL\hal_7seg.d" 
Finished clean
 

**** Build Finished ****

**** Build of configuration Debug for project Demo ****

"C:\\ti\\ccs1210\\ccs\\utils\\bin\\gmake" -k -j 4 all -O 
 
Building file: "../main.c"
Invoking: MSP430 Compiler
"C:/ti/ccs1210/ccs/tools/compiler/ti-cgt-msp430_21.6.0.LTS/bin/cl430" -vmspx --data_model=restricted --use_hw_mpy=F5 --include_path="C:/ti/ccs1210/ccs/ccs_base/msp430/include" --include_path="D:/Signali i Sistemi/NSS/Vezbe/Demo" --include_path="C:/ti/ccs1210/ccs/tools/compiler/ti-cgt-msp430_21.6.0.LTS/include" --advice:power=all --define=__MSP430F5529__ -g --printf_support=minimal --diag_warning=225 --diag_wrap=off --display_error_number --silicon_errata=CPU21 --silicon_errata=CPU22 --silicon_errata=CPU23 --silicon_errata=CPU40 --preproc_with_compile --preproc_dependency="main.d_raw"  "../main.c"
"../main.c", line 11: remark #1530-D: (ULP 5.1) Detected divide operation(s). Recommend moving them to RAM during run time or not using as these are processing/power intensive
"../main.c", line 15: remark #1530-D: (ULP 5.1) Detected divide operation(s). Recommend moving them to RAM during run time or not using as these are processing/power intensive
"../main.c", line 66: warning #112-D: statement is unreachable
"../main.c", line 53: remark #1527-D: (ULP 2.1) Detected SW delay loop using __delay_cycles. Recommend using a timer module instead
"../main.c", line 60: remark #1527-D: (ULP 2.1) Detected SW delay loop using __delay_cycles. Recommend using a timer module instead
"../main.c", line 71: remark #1527-D: (ULP 2.1) Detected SW delay loop using __delay_cycles. Recommend using a timer module instead
Finished building: "../main.c"
 
Building file: "../ETF_5529_HAL/hal_7seg.c"
Invoking: MSP430 Compiler
"C:/ti/ccs1210/ccs/tools/compiler/ti-cgt-msp430_21.6.0.LTS/bin/cl430" -vmspx --data_model=restricted --use_hw_mpy=F5 --include_path="C:/ti/ccs1210/ccs/ccs_base/msp430/include" --include_path="D:/Signali i Sistemi/NSS/Vezbe/Demo" --include_path="C:/ti/ccs1210/ccs/tools/compiler/ti-cgt-msp430_21.6.0.LTS/include" --advice:power=all --define=__MSP430F5529__ -g --printf_support=minimal --diag_warning=225 --diag_wrap=off --display_error_number --silicon_errata=CPU21 --silicon_errata=CPU22 --silicon_errata=CPU23 --silicon_errata=CPU40 --preproc_with_compile --preproc_dependency="ETF_5529_HAL/hal_7seg.d_raw" --obj_directory="ETF_5529_HAL"  "../ETF_5529_HAL/hal_7seg.c"
Finished building: "../ETF_5529_HAL/hal_7seg.c"
 
Building target: "Demo.out"
Invoking: MSP430 Linker
"C:/ti/ccs1210/ccs/tools/compiler/ti-cgt-msp430_21.6.0.LTS/bin/cl430" -vmspx --data_model=restricted --use_hw_mpy=F5 --advice:power=all --define=__MSP430F5529__ -g --printf_support=minimal --diag_warning=225 --diag_wrap=off --display_error_number --silicon_errata=CPU21 --silicon_errata=CPU22 --silicon_errata=CPU23 --silicon_errata=CPU40 -z -m"Demo.map" --heap_size=160 --stack_size=160 --cinit_hold_wdt=on -i"C:/ti/ccs1210/ccs/ccs_base/msp430/include" -i"C:/ti/ccs1210/ccs/ccs_base/msp430/lib/5xx_6xx_FRxx" -i"C:/ti/ccs1210/ccs/tools/compiler/ti-cgt-msp430_21.6.0.LTS/lib" -i"C:/ti/ccs1210/ccs/tools/compiler/ti-cgt-msp430_21.6.0.LTS/include" --reread_libs --diag_wrap=off --display_error_number --warn_sections --xml_link_info="Demo_linkInfo.xml" --use_hw_mpy=F5 --rom_model -o "Demo.out" "./main.obj" "./ETF_5529_HAL/hal_7seg.obj" "../lnk_msp430f5529.cmd"  -llibmath.a -llibc.a 
<Linking>
remark #10371-D: (ULP 1.1) Detected no uses of low power mode state changing instructions
remark #10372-D: (ULP 4.1) Detected uninitialized Port A in this project. Recommend initializing all unused ports to eliminate wasted current consumption on unused pins.
remark #10372-D: (ULP 4.1) Detected uninitialized Port C in this project. Recommend initializing all unused ports to eliminate wasted current consumption on unused pins.
remark #10372-D: (ULP 4.1) Detected uninitialized Port D in this project. Recommend initializing all unused ports to eliminate wasted current consumption on unused pins.
Finished building target: "Demo.out"
 

**** Build Finished ****

**** Build of configuration Debug for project Demo ****

"C:\\ti\\ccs1210\\ccs\\utils\\bin\\gmake" -k -j 4 all -O 
 
gmake[1]: 'Demo.out' is up to date.

**** Build Finished ****

**** Clean-only build of configuration Debug for project Demo ****

"C:\\ti\\ccs1210\\ccs\\utils\\bin\\gmake" -k -j 4 clean -O 
 
DEL /F  "Demo.hex"  "Demo.out" 
DEL /F "main.obj" "ETF_5529_HAL\hal_7seg.obj" 
DEL /F "main.d" "ETF_5529_HAL\hal_7seg.d" 
Finished clean
 

**** Build Finished ****

**** Build of configuration Debug for project Demo ****

"C:\\ti\\ccs1210\\ccs\\utils\\bin\\gmake" -k -j 4 all -O 
 
Building file: "../main.c"
Invoking: MSP430 Compiler
"C:/ti/ccs1210/ccs/tools/compiler/ti-cgt-msp430_21.6.0.LTS/bin/cl430" -vmspx --data_model=restricted --use_hw_mpy=F5 --include_path="C:/ti/ccs1210/ccs/ccs_base/msp430/include" --include_path="D:/Signali i Sistemi/NSS/Vezbe/Demo" --include_path="C:/ti/ccs1210/ccs/tools/compiler/ti-cgt-msp430_21.6.0.LTS/include" --advice:power=all --define=__MSP430F5529__ -g --printf_support=minimal --diag_warning=225 --diag_wrap=off --display_error_number --silicon_errata=CPU21 --silicon_errata=CPU22 --silicon_errata=CPU23 --silicon_errata=CPU40 --preproc_with_compile --preproc_dependency="main.d_raw"  "../main.c"
Finished building: "../main.c"
 
Building file: "../ETF_5529_HAL/hal_7seg.c"
Invoking: MSP430 Compiler
"C:/ti/ccs1210/ccs/tools/compiler/ti-cgt-msp430_21.6.0.LTS/bin/cl430" -vmspx --data_model=restricted --use_hw_mpy=F5 --include_path="C:/ti/ccs1210/ccs/ccs_base/msp430/include" --include_path="D:/Signali i Sistemi/NSS/Vezbe/Demo" --include_path="C:/ti/ccs1210/ccs/tools/compiler/ti-cgt-msp430_21.6.0.LTS/include" --advice:power=all --define=__MSP430F5529__ -g --printf_support=minimal --diag_warning=225 --diag_wrap=off --display_error_number --silicon_errata=CPU21 --silicon_errata=CPU22 --silicon_errata=CPU23 --silicon_errata=CPU40 --preproc_with_compile --preproc_dependency="ETF_5529_HAL/hal_7seg.d_raw" --obj_directory="ETF_5529_HAL"  "../ETF_5529_HAL/hal_7seg.c"
Finished building: "../ETF_5529_HAL/hal_7seg.c"
 
Building target: "Demo.out"
Invoking: MSP430 Linker
"C:/ti/ccs1210/ccs/tools/compiler/ti-cgt-msp430_21.6.0.LTS/bin/cl430" -vmspx --data_model=restricted --use_hw_mpy=F5 --advice:power=all --define=__MSP430F5529__ -g --printf_support=minimal --diag_warning=225 --diag_wrap=off --display_error_number --silicon_errata=CPU21 --silicon_errata=CPU22 --silicon_errata=CPU23 --silicon_errata=CPU40 -z -m"Demo.map" --heap_size=160 --stack_size=160 --cinit_hold_wdt=on -i"C:/ti/ccs1210/ccs/ccs_base/msp430/include" -i"C:/ti/ccs1210/ccs/ccs_base/msp430/lib/5xx_6xx_FRxx" -i"C:/ti/ccs1210/ccs/tools/compiler/ti-cgt-msp430_21.6.0.LTS/lib" -i"C:/ti/ccs1210/ccs/tools/compiler/ti-cgt-msp430_21.6.0.LTS/include" --reread_libs --diag_wrap=off --display_error_number --warn_sections --xml_link_info="Demo_linkInfo.xml" --use_hw_mpy=F5 --rom_model -o "Demo.out" "./main.obj" "./ETF_5529_HAL/hal_7seg.obj" "../lnk_msp430f5529.cmd"  -llibmath.a -llibc.a 
<Linking>
remark #10371-D: (ULP 1.1) Detected no uses of low power mode state changing instructions
remark #10372-D: (ULP 4.1) Detected uninitialized Port A in this project. Recommend initializing all unused ports to eliminate wasted current consumption on unused pins.
remark #10372-D: (ULP 4.1) Detected uninitialized Port C in this project. Recommend initializing all unused ports to eliminate wasted current consumption on unused pins.
remark #10372-D: (ULP 4.1) Detected uninitialized Port D in this project. Recommend initializing all unused ports to eliminate wasted current consumption on unused pins.
Finished building target: "Demo.out"
 

**** Build Finished ****

**** Build of configuration Debug for project Demo ****

"C:\\ti\\ccs1210\\ccs\\utils\\bin\\gmake" -k -j 4 all -O 
 
gmake[1]: 'Demo.out' is up to date.

**** Build Finished ****
